TN:
SF:src\owservable.client.ts
FN:23,(anonymous_8)
FN:30,(anonymous_9)
FN:37,(anonymous_10)
FN:45,(anonymous_11)
FN:73,(anonymous_13)
FN:75,(anonymous_14)
FN:78,(anonymous_15)
FN:84,(anonymous_16)
FN:92,(anonymous_18)
FN:95,(anonymous_19)
FN:107,(anonymous_20)
FN:113,(anonymous_21)
FN:125,(anonymous_22)
FN:125,(anonymous_23)
FN:134,(anonymous_24)
FN:135,(anonymous_25)
FN:145,(anonymous_26)
FN:151,(anonymous_27)
FN:165,(anonymous_28)
FNF:19
FNH:19
FNDA:36,(anonymous_8)
FNDA:1,(anonymous_9)
FNDA:3,(anonymous_10)
FNDA:7,(anonymous_11)
FNDA:2,(anonymous_13)
FNDA:1,(anonymous_14)
FNDA:1,(anonymous_15)
FNDA:4,(anonymous_16)
FNDA:1,(anonymous_18)
FNDA:2,(anonymous_19)
FNDA:1,(anonymous_20)
FNDA:7,(anonymous_21)
FNDA:3,(anonymous_22)
FNDA:3,(anonymous_23)
FNDA:1,(anonymous_24)
FNDA:1,(anonymous_25)
FNDA:5,(anonymous_26)
FNDA:9,(anonymous_27)
FNDA:3,(anonymous_28)
DA:4,2
DA:5,2
DA:8,2
DA:10,2
DA:14,2
DA:17,36
DA:24,36
DA:25,36
DA:26,36
DA:27,36
DA:32,1
DA:33,1
DA:34,1
DA:39,3
DA:40,2
DA:42,2
DA:48,7
DA:50,1
DA:53,1
DA:54,1
DA:57,1
DA:58,1
DA:59,1
DA:63,1
DA:66,1
DA:69,1
DA:74,2
DA:75,2
DA:79,1
DA:80,1
DA:81,1
DA:85,4
DA:86,4
DA:88,4
DA:89,4
DA:91,4
DA:92,4
DA:98,2
DA:99,2
DA:101,2
DA:102,2
DA:104,2
DA:109,1
DA:110,1
DA:114,7
DA:117,7
DA:118,7
DA:119,1
DA:121,6
DA:123,6
DA:124,6
DA:125,3
DA:126,3
DA:128,2
DA:129,2
DA:131,1
DA:132,1
DA:134,1
DA:135,1
DA:137,6
DA:139,6
DA:142,7
DA:146,5
DA:147,4
DA:148,4
DA:152,9
DA:153,8
DA:154,8
DA:166,3
DA:167,2
DA:168,2
DA:169,4
DA:171,2
DA:173,3
DA:175,3
DA:176,2
DA:177,2
DA:178,4
DA:180,2
DA:182,3
DA:184,3
LF:81
LH:81
BRDA:39,0,0,1
BRDA:39,0,1,2
BRDA:48,1,0,1
BRDA:48,1,1,1
BRDA:48,1,2,1
BRDA:48,1,3,1
BRDA:48,1,4,1
BRDA:48,1,5,1
BRDA:86,2,0,3
BRDA:86,2,1,1
BRDA:98,3,0,1
BRDA:98,3,1,1
BRDA:98,4,0,2
BRDA:98,4,1,2
BRDA:101,5,0,1
BRDA:101,5,1,1
BRDA:101,6,0,2
BRDA:101,6,1,2
BRDA:118,7,0,1
BRDA:118,7,1,6
BRDA:126,8,0,1
BRDA:126,8,1,2
BRDA:129,9,0,1
BRDA:129,9,1,1
BRDA:146,10,0,1
BRDA:146,10,1,4
BRDA:152,11,0,1
BRDA:152,11,1,8
BRDA:166,12,0,2
BRDA:166,12,1,1
BRDA:169,13,0,1
BRDA:169,13,1,3
BRDA:169,14,0,4
BRDA:169,14,1,3
BRDA:175,15,0,2
BRDA:175,15,1,1
BRDA:178,16,0,1
BRDA:178,16,1,3
BRDA:178,17,0,4
BRDA:178,17,1,3
BRF:40
BRH:40
end_of_record
TN:
SF:src\owservable.core.ts
FNF:0
FNH:0
DA:3,1
DA:5,1
DA:21,1
DA:23,1
DA:24,1
DA:25,1
DA:27,1
DA:28,1
DA:29,1
DA:31,1
DA:32,1
DA:33,1
DA:34,1
DA:35,1
DA:37,1
DA:39,1
DA:40,1
DA:41,1
DA:42,1
DA:44,1
DA:47,1
DA:48,1
DA:49,1
DA:50,1
DA:51,1
DA:52,1
DA:53,1
DA:54,1
DA:55,1
DA:56,1
DA:57,1
DA:58,1
DA:59,1
DA:60,1
DA:61,1
DA:62,1
DA:63,1
DA:64,1
DA:65,1
DA:66,1
DA:82,1
DA:83,1
LF:42
LH:42
BRF:0
BRH:0
end_of_record
TN:
SF:src\backend\backend.registry.ts
FN:6,(anonymous_0)
FN:17,(anonymous_1)
FN:21,(anonymous_2)
FN:25,(anonymous_3)
FN:29,(anonymous_4)
FN:35,(anonymous_5)
FNF:6
FNH:6
FNDA:13,(anonymous_0)
FNDA:10,(anonymous_1)
FNDA:3,(anonymous_2)
FNDA:5,(anonymous_3)
FNDA:25,(anonymous_4)
FNDA:1,(anonymous_5)
DA:5,4
DA:7,13
DA:8,13
DA:9,1
DA:12,1
DA:14,12
DA:18,10
DA:22,3
DA:26,5
DA:30,25
DA:33,4
LF:11
LH:11
BRDA:8,0,0,1
BRDA:8,0,1,12
BRDA:18,1,0,7
BRDA:18,1,1,3
BRDA:18,2,0,10
BRDA:18,2,1,10
BRF:6
BRH:6
end_of_record
TN:
SF:src\enums\store.type.enum.ts
FN:3,(anonymous_0)
FNF:1
FNH:1
FNDA:8,(anonymous_0)
DA:3,8
DA:4,8
DA:5,8
DA:6,8
DA:9,8
LF:5
LH:5
BRDA:3,0,0,8
BRDA:3,0,1,8
BRF:2
BRH:2
end_of_record
TN:
SF:src\functions\initiate.cronjobs.ts
FN:6,(anonymous_1)
FNF:1
FNH:1
FNDA:3,(anonymous_1)
DA:3,2
DA:4,2
DA:6,2
DA:7,3
DA:9,2
LF:5
LH:5
BRDA:6,0,0,2
BRF:1
BRH:1
end_of_record
TN:
SF:src\functions\initiate.watchers.ts
FN:6,(anonymous_1)
FNF:1
FNH:1
FNDA:3,(anonymous_1)
DA:3,2
DA:4,2
DA:6,2
DA:7,3
DA:9,2
LF:5
LH:5
BRDA:6,0,0,2
BRF:1
BRH:1
end_of_record
TN:
SF:src\functions\initiate.workers.ts
FN:6,(anonymous_1)
FNF:1
FNH:1
FNDA:3,(anonymous_1)
DA:3,2
DA:4,2
DA:6,2
DA:7,3
DA:9,2
LF:5
LH:5
BRDA:6,0,0,2
BRF:1
BRH:1
end_of_record
TN:
SF:src\functions\action\add.action.cronjobs.ts
FN:9,addActionCronjobs
FNF:1
FNH:1
FNDA:5,addActionCronjobs
DA:4,2
DA:7,2
DA:9,2
DA:10,5
DA:12,5
DA:13,4
DA:14,4
DA:15,4
DA:17,4
DA:18,3
DA:23,3
DA:25,3
LF:12
LH:12
BRDA:17,0,0,3
BRDA:17,0,1,1
BRDA:20,1,0,3
BRDA:20,1,1,2
BRDA:23,2,0,1
BRDA:23,2,1,2
BRF:6
BRH:6
end_of_record
TN:
SF:src\functions\action\add.action.watchers.ts
FN:9,addActionWatchers
FNF:1
FNH:1
FNDA:5,addActionWatchers
DA:4,2
DA:7,2
DA:9,2
DA:10,5
DA:12,5
DA:13,4
DA:14,4
DA:15,4
DA:17,4
DA:18,3
DA:22,3
DA:24,3
LF:12
LH:12
BRDA:17,0,0,3
BRDA:17,0,1,1
BRDA:19,1,0,3
BRDA:19,1,1,2
BRDA:22,2,0,1
BRDA:22,2,1,2
BRF:6
BRH:6
end_of_record
TN:
SF:src\functions\action\add.action.workers.ts
FN:9,addActionWorkers
FNF:1
FNH:1
FNDA:5,addActionWorkers
DA:4,2
DA:7,2
DA:9,2
DA:10,5
DA:12,5
DA:13,4
DA:14,4
DA:15,4
DA:17,4
DA:18,3
DA:22,3
DA:24,3
LF:12
LH:12
BRDA:17,0,0,3
BRDA:17,0,1,1
BRDA:19,1,0,3
BRDA:19,1,1,2
BRDA:22,2,0,1
BRDA:22,2,1,2
BRF:6
BRH:6
end_of_record
TN:
SF:src\functions\execute\execute.cronjob.ts
FN:7,(anonymous_9)
FN:9,(anonymous_10)
FNF:2
FNH:2
FNDA:10,(anonymous_9)
FNDA:2,(anonymous_10)
DA:3,3
DA:7,3
DA:8,10
DA:9,10
DA:10,8
DA:13,3
LF:6
LH:6
BRDA:9,0,0,2
BRDA:9,0,1,8
BRF:2
BRH:2
end_of_record
TN:
SF:src\functions\execute\execute.on.files.recursively.ts
FN:8,(anonymous_9)
FN:12,(anonymous_10)
FN:23,(anonymous_11)
FN:24,(anonymous_12)
FN:27,(anonymous_13)
FN:33,(anonymous_14)
FNF:6
FNH:6
FNDA:5,(anonymous_9)
FNDA:5,(anonymous_10)
FNDA:5,(anonymous_11)
FNDA:5,(anonymous_12)
FNDA:4,(anonymous_13)
FNDA:1,(anonymous_14)
DA:3,6
DA:4,6
DA:8,6
DA:9,5
DA:12,5
DA:13,5
DA:14,5
DA:15,5
DA:23,5
DA:24,5
DA:27,5
DA:28,4
DA:29,4
DA:33,5
DA:36,6
LF:15
LH:15
BRF:0
BRH:0
end_of_record
TN:
SF:src\functions\execute\execute.processes.in.folder.ts
FN:7,(anonymous_1)
FN:9,(anonymous_2)
FNF:2
FNH:2
FNDA:4,(anonymous_1)
FNDA:5,(anonymous_2)
DA:3,5
DA:5,5
DA:7,5
DA:8,4
DA:9,5
DA:12,5
LF:6
LH:6
BRF:0
BRH:0
end_of_record
TN:
SF:src\functions\execute\execute.watcher.ts
FN:5,(anonymous_0)
FN:9,(anonymous_1)
FN:14,(anonymous_2)
FNF:3
FNH:3
FNDA:14,(anonymous_0)
FNDA:5,(anonymous_1)
FNDA:3,(anonymous_2)
DA:5,3
DA:6,14
DA:8,14
DA:9,8
DA:10,8
DA:11,8
DA:14,6
DA:15,3
DA:18,3
LF:9
LH:9
BRDA:6,0,0,2
BRDA:8,1,0,8
BRDA:8,1,1,6
BRDA:9,2,0,5
BRDA:9,2,1,3
BRDA:10,3,0,2
BRDA:10,3,1,6
BRDA:10,4,0,8
BRDA:10,4,1,8
BRDA:14,5,0,3
BRDA:14,5,1,3
BRDA:14,6,0,1
BRDA:14,6,1,2
BRDA:14,7,0,3
BRDA:14,7,1,3
BRDA:15,8,0,1
BRDA:15,8,1,2
BRDA:15,9,0,3
BRDA:15,9,1,3
BRF:19
BRH:19
end_of_record
TN:
SF:src\functions\execute\execute.worker.ts
FN:5,(anonymous_0)
FN:7,(anonymous_1)
FNF:2
FNH:2
FNDA:6,(anonymous_0)
FNDA:3,(anonymous_1)
DA:5,3
DA:6,6
DA:7,6
DA:8,3
DA:11,3
LF:5
LH:5
BRDA:7,0,0,3
BRDA:7,0,1,3
BRDA:7,1,0,1
BRDA:7,1,1,2
BRDA:7,2,0,3
BRDA:7,2,1,3
BRDA:8,3,0,1
BRDA:8,3,1,2
BRDA:8,4,0,3
BRDA:8,4,1,3
BRF:10
BRH:10
end_of_record
TN:
SF:src\functions\performance\get.hrtime.as.number.ts
FN:5,(anonymous_0)
FNF:1
FNH:1
FNDA:144,(anonymous_0)
DA:3,10
DA:5,144
DA:6,10
LF:3
LH:3
BRF:0
BRH:0
end_of_record
TN:
SF:src\functions\performance\get.milliseconds.from.ts
FN:5,(anonymous_1)
FNF:1
FNH:1
FNDA:49,(anonymous_1)
DA:3,8
DA:5,49
DA:6,8
LF:3
LH:3
BRF:0
BRH:0
end_of_record
TN:
SF:src\functions\performance\get.seconds.from.ts
FN:7,(anonymous_1)
FNF:1
FNH:1
FNDA:55,(anonymous_1)
DA:3,9
DA:5,9
DA:7,55
DA:8,9
LF:4
LH:4
BRF:0
BRH:0
end_of_record
TN:
SF:src\middleware\data.middleware.map.ts
FN:6,(anonymous_0)
FN:10,(anonymous_1)
FN:14,(anonymous_2)
FN:18,(anonymous_3)
FNF:4
FNH:4
FNDA:1,(anonymous_0)
FNDA:2,(anonymous_1)
FNDA:2,(anonymous_2)
FNDA:2,(anonymous_3)
DA:5,2
DA:7,1
DA:11,2
DA:15,2
DA:19,2
DA:22,2
LF:6
LH:6
BRF:0
BRH:0
end_of_record
TN:
SF:src\store\a.store.ts
FN:25,(anonymous_1)
FN:29,(anonymous_2)
FN:58,(anonymous_3)
FN:79,(anonymous_4)
FN:84,(anonymous_5)
FN:89,(anonymous_6)
FN:91,(anonymous_7)
FN:92,(anonymous_8)
FN:94,(anonymous_9)
FN:95,(anonymous_10)
FN:99,(anonymous_11)
FN:107,(anonymous_12)
FN:133,(anonymous_13)
FN:139,(anonymous_14)
FN:149,(anonymous_15)
FN:152,(anonymous_16)
FN:155,(anonymous_17)
FN:159,(anonymous_18)
FN:170,(anonymous_19)
FN:196,(anonymous_20)
FN:207,(anonymous_21)
FN:218,(anonymous_22)
FN:235,(anonymous_23)
FN:239,(anonymous_24)
FN:255,(anonymous_25)
FN:259,(anonymous_26)
FN:263,(anonymous_27)
FN:267,(anonymous_28)
FN:274,(anonymous_29)
FN:278,(anonymous_30)
FNF:30
FNH:30
FNDA:1120,(anonymous_1)
FNDA:40,(anonymous_2)
FNDA:134,(anonymous_3)
FNDA:88,(anonymous_4)
FNDA:33,(anonymous_5)
FNDA:2,(anonymous_6)
FNDA:1,(anonymous_7)
FNDA:1,(anonymous_8)
FNDA:1,(anonymous_9)
FNDA:1,(anonymous_10)
FNDA:83,(anonymous_11)
FNDA:113,(anonymous_12)
FNDA:3,(anonymous_13)
FNDA:5,(anonymous_14)
FNDA:85,(anonymous_15)
FNDA:85,(anonymous_16)
FNDA:1,(anonymous_17)
FNDA:35,(anonymous_18)
FNDA:5,(anonymous_19)
FNDA:1,(anonymous_20)
FNDA:1,(anonymous_21)
FNDA:1,(anonymous_22)
FNDA:10,(anonymous_23)
FNDA:114,(anonymous_24)
FNDA:7,(anonymous_25)
FNDA:7,(anonymous_26)
FNDA:7,(anonymous_27)
FNDA:114,(anonymous_28)
FNDA:61,(anonymous_29)
FNDA:43,(anonymous_30)
DA:3,7
DA:4,7
DA:5,7
DA:7,7
DA:9,7
DA:10,7
DA:12,7
DA:14,7
DA:17,7
DA:19,7
DA:20,7
DA:22,7
DA:24,7
DA:25,1120
DA:29,40
DA:35,7
DA:41,134
DA:59,134
DA:61,134
DA:62,134
DA:63,134
DA:64,134
DA:65,134
DA:66,134
DA:67,134
DA:68,134
DA:69,134
DA:71,134
DA:76,134
DA:80,88
DA:81,88
DA:85,33
DA:90,2
DA:91,1
DA:92,1
DA:94,1
DA:95,1
DA:100,83
DA:108,113
DA:111,113
DA:112,112
DA:114,113
DA:115,113
DA:116,113
DA:117,113
DA:118,113
DA:119,113
DA:121,113
DA:123,113
DA:124,113
DA:126,113
DA:127,113
DA:129,113
DA:131,113
DA:132,1
DA:133,3
DA:135,112
DA:140,5
DA:141,5
DA:142,4
DA:144,1
DA:145,1
DA:150,85
DA:151,85
DA:152,85
DA:156,1
DA:160,35
DA:161,35
DA:162,35
DA:172,5
DA:173,1
DA:174,1
DA:175,1
DA:176,1
DA:178,4
DA:180,5
DA:182,5
DA:183,5
DA:185,5
DA:186,5
DA:188,5
DA:197,1
DA:208,1
DA:219,1
DA:236,10
DA:240,114
DA:242,112
DA:244,112
DA:245,61
DA:246,61
DA:249,112
DA:251,112
DA:252,112
DA:256,7
DA:260,7
DA:264,7
DA:268,114
DA:270,113
DA:271,113
DA:275,61
DA:279,43
DA:280,43
DA:292,1
DA:293,1
LF:104
LH:104
BRDA:30,0,0,2
BRDA:30,0,1,38
BRDA:80,1,0,70
BRDA:80,1,1,18
BRDA:80,2,0,88
BRDA:80,2,1,88
BRDA:111,3,0,1
BRDA:111,3,1,112
BRDA:114,4,0,1
BRDA:114,4,1,112
BRDA:115,5,0,104
BRDA:115,5,1,9
BRDA:116,6,0,77
BRDA:116,6,1,36
BRDA:117,7,0,74
BRDA:117,7,1,39
BRDA:118,8,0,74
BRDA:118,8,1,39
BRDA:119,9,0,3
BRDA:119,9,1,110
BRDA:119,10,0,113
BRDA:119,10,1,113
BRDA:131,11,0,1
BRDA:131,11,1,112
BRDA:159,12,0,31
BRDA:172,13,0,1
BRDA:172,13,1,4
BRDA:185,14,0,3
BRDA:185,14,1,2
BRDA:185,15,0,5
BRDA:185,15,1,4
BRDA:186,16,0,1
BRDA:186,16,1,4
BRDA:236,17,0,10
BRDA:236,17,1,7
BRDA:240,18,0,2
BRDA:240,18,1,112
BRDA:242,19,0,112
BRDA:242,19,1,91
BRDA:244,20,0,61
BRDA:244,20,1,51
BRDA:268,21,0,1
BRDA:268,21,1,113
BRF:43
BRH:43
end_of_record
TN:
SF:src\store\collection.store.ts
FN:13,(anonymous_17)
FN:21,(anonymous_18)
FN:45,(anonymous_19)
FN:53,(anonymous_21)
FN:70,(anonymous_23)
FN:94,(anonymous_25)
FN:115,(anonymous_27)
FNF:7
FNH:7
FNDA:33,(anonymous_17)
FNDA:12,(anonymous_18)
FNDA:3,(anonymous_19)
FNDA:4,(anonymous_21)
FNDA:3,(anonymous_23)
FNDA:6,(anonymous_25)
FNDA:33,(anonymous_27)
DA:3,4
DA:5,4
DA:6,4
DA:8,4
DA:10,4
DA:14,33
DA:16,33
DA:17,33
DA:18,33
DA:22,12
DA:24,11
DA:25,11
DA:27,10
DA:28,10
DA:29,10
DA:31,8
DA:34,3
DA:38,4
DA:39,2
DA:42,1
DA:46,3
DA:47,3
DA:48,3
DA:51,33
DA:54,4
DA:56,4
DA:57,4
DA:59,3
DA:60,2
DA:63,3
DA:64,3
DA:65,1
DA:67,3
DA:71,3
DA:73,3
DA:74,1
DA:75,1
DA:76,2
DA:78,1
DA:81,3
DA:82,1
DA:83,1
DA:87,2
DA:88,2
DA:91,3
DA:95,6
DA:97,6
DA:99,6
DA:100,5
DA:102,4
DA:103,4
DA:104,4
DA:105,1
DA:107,3
DA:110,1
DA:111,1
DA:116,33
DA:118,33
DA:119,33
DA:121,33
DA:122,33
DA:123,6
LF:62
LH:62
BRDA:22,0,0,1
BRDA:22,0,1,11
BRDA:25,1,0,1
BRDA:25,1,1,10
BRDA:28,2,0,9
BRDA:28,2,1,1
BRDA:28,3,0,10
BRDA:28,3,1,10
BRDA:29,4,0,2
BRDA:29,4,1,8
BRDA:29,5,0,9
BRDA:29,5,1,1
BRDA:29,6,0,10
BRDA:29,6,1,9
BRDA:31,7,0,1
BRDA:31,7,1,3
BRDA:31,7,2,2
BRDA:31,7,3,4
BRDA:38,8,0,2
BRDA:38,8,1,2
BRDA:57,9,0,1
BRDA:57,9,1,3
BRDA:64,10,0,1
BRDA:64,10,1,2
BRDA:73,11,0,1
BRDA:73,11,1,2
BRDA:81,12,0,1
BRDA:81,12,1,2
BRDA:99,13,0,1
BRDA:99,13,1,5
BRDA:100,14,0,1
BRDA:100,14,1,4
BRDA:104,15,0,1
BRDA:104,15,1,3
BRDA:104,16,0,4
BRDA:104,16,1,2
BRDA:118,17,0,1
BRDA:118,18,0,29
BRDA:122,19,0,6
BRDA:122,19,1,27
BRF:40
BRH:40
end_of_record
TN:
SF:src\store\count.store.ts
FN:9,(anonymous_8)
FN:15,(anonymous_9)
FN:31,(anonymous_10)
FNF:3
FNH:3
FNDA:17,(anonymous_8)
FNDA:9,(anonymous_9)
FNDA:6,(anonymous_10)
DA:3,4
DA:4,4
DA:6,4
DA:8,4
DA:10,17
DA:11,17
DA:12,17
DA:16,9
DA:18,8
DA:19,8
DA:22,4
DA:27,4
DA:32,6
DA:34,6
DA:35,5
DA:37,4
DA:38,4
LF:17
LH:17
BRDA:16,0,0,1
BRDA:16,0,1,8
BRDA:19,1,0,2
BRDA:19,1,1,4
BRDA:19,1,2,1
BRDA:19,1,3,2
BRDA:19,1,4,4
BRDA:34,2,0,1
BRDA:34,2,1,5
BRDA:35,3,0,1
BRDA:35,3,1,4
BRF:11
BRH:11
end_of_record
TN:
SF:src\store\document.store.ts
FN:14,(anonymous_17)
FN:17,(anonymous_18)
FN:23,(anonymous_19)
FN:30,(anonymous_20)
FN:34,(anonymous_21)
FN:36,(anonymous_22)
FN:38,(anonymous_23)
FN:39,(anonymous_24)
FN:41,(anonymous_25)
FN:42,(anonymous_26)
FN:46,(anonymous_27)
FN:77,(anonymous_28)
FN:110,(anonymous_30)
FN:123,(anonymous_31)
FN:127,(anonymous_33)
FN:132,(anonymous_35)
FNF:16
FNH:16
FNDA:73,(anonymous_17)
FNDA:43,(anonymous_18)
FNDA:50,(anonymous_19)
FNDA:50,(anonymous_20)
FNDA:1,(anonymous_21)
FNDA:3,(anonymous_22)
FNDA:2,(anonymous_23)
FNDA:1,(anonymous_24)
FNDA:1,(anonymous_25)
FNDA:1,(anonymous_26)
FNDA:69,(anonymous_27)
FNDA:58,(anonymous_28)
FNDA:5,(anonymous_30)
FNDA:49,(anonymous_31)
FNDA:5,(anonymous_33)
FNDA:4,(anonymous_35)
DA:3,4
DA:5,4
DA:6,4
DA:8,4
DA:9,4
DA:11,4
DA:14,73
DA:16,4
DA:18,43
DA:19,43
DA:20,43
DA:24,50
DA:26,50
DA:27,50
DA:31,50
DA:34,1
DA:37,3
DA:38,2
DA:39,1
DA:41,1
DA:42,1
DA:47,69
DA:49,14
DA:50,14
DA:51,14
DA:53,14
DA:55,3
DA:58,3
DA:62,7
DA:63,5
DA:65,4
DA:67,3
DA:68,3
DA:69,3
DA:70,3
DA:74,1
DA:78,58
DA:80,58
DA:81,57
DA:83,56
DA:84,56
DA:85,56
DA:87,56
DA:89,55
DA:91,55
DA:92,51
DA:94,54
DA:96,11
DA:97,4
DA:100,11
DA:102,2
DA:103,2
DA:105,1
DA:106,1
DA:111,5
DA:113,4
DA:114,4
DA:116,3
DA:117,3
DA:118,3
DA:120,1
DA:124,49
DA:128,5
DA:129,5
DA:133,4
LF:65
LH:65
BRDA:14,0,0,2
BRDA:14,0,1,71
BRDA:26,1,0,48
BRDA:27,2,0,1
BRDA:27,2,1,49
BRDA:47,3,0,55
BRDA:47,3,1,14
BRDA:53,4,0,3
BRDA:53,4,1,3
BRDA:53,4,2,1
BRDA:53,4,3,7
BRDA:62,5,0,2
BRDA:62,5,1,5
BRDA:62,6,0,7
BRDA:62,6,1,7
BRDA:63,7,0,1
BRDA:63,7,1,4
BRDA:65,8,0,1
BRDA:65,8,1,3
BRDA:68,9,0,2
BRDA:68,9,1,1
BRDA:68,10,0,3
BRDA:68,10,1,3
BRDA:80,11,0,1
BRDA:80,11,1,57
BRDA:81,12,0,1
BRDA:81,12,1,56
BRDA:87,13,0,1
BRDA:87,13,1,55
BRDA:87,14,0,56
BRDA:87,14,1,2
BRDA:91,15,0,4
BRDA:91,15,1,51
BRDA:92,16,0,48
BRDA:92,16,1,3
BRDA:94,17,0,43
BRDA:94,17,1,11
BRDA:100,18,0,9
BRDA:100,18,1,2
BRDA:111,19,0,1
BRDA:111,19,1,4
BRDA:114,20,0,1
BRDA:114,20,1,3
BRDA:118,21,0,2
BRDA:118,21,1,1
BRF:45
BRH:45
end_of_record
TN:
SF:src\store\factories\store.factory.ts
FN:11,(anonymous_1)
FNF:1
FNH:1
FNDA:6,(anonymous_1)
DA:4,3
DA:5,3
DA:6,3
DA:8,3
DA:11,3
DA:12,6
DA:14,6
DA:15,4
DA:16,3
DA:18,3
LF:10
LH:10
BRDA:14,0,0,2
BRDA:14,0,1,4
BRDA:15,1,0,1
BRDA:15,1,1,3
BRF:4
BRH:4
end_of_record
